make all --print-data-base --no-builtin-variables --no-builtin-rules --question
make: *** No rule to make target 'all'.  Stop.

# GNU Make 4.1
# Built for x86_64-pc-linux-gnu
# Copyright (C) 1988-2014 Free Software Foundation, Inc.
# License GPLv3+: GNU GPL version 3 or later <http://gnu.org/licenses/gpl.html>
# This is free software: you are free to change and redistribute it.
# There is NO WARRANTY, to the extent permitted by law.

# Make data base, printed on Fri Aug 12 21:18:00 2022

# Variables

# environment
SCM_CHECK = true
# automatic
<D = $(patsubst %/,%,$(dir $<))
# automatic
?F = $(notdir $?)
# environment
WSLENV = VSCODE_WSL_EXT_LOCATION/up:VSCODE_SERVER_TAR/up
# default
.SHELLFLAGS := -c
# automatic
?D = $(patsubst %/,%,$(dir $?))
# environment
WORKSPACE2 = /d/work/src
# automatic
@D = $(patsubst %/,%,$(dir $@))
# automatic
@F = $(notdir $@)
# makefile
CURDIR := /mnt/d/work/src/go/GolangComplete
# makefile
SHELL = /bin/sh
# environment
VSCODE_NLS_CONFIG = {"locale":"en","availableLanguages":{}}
# environment
_ = /home/going/.vscode-server/bin/da76f93349a72022ca4670c1b84860304616aaa2/node
# environment
GOVERSION = go1.18.3
# environment
GIT_HOSTING = git@git.domain.com
# makefile
MAKEFILE_LIST := 
# environment
GO111MODULE = on
# 'override' directive
GNUMAKEFLAGS := 
# environment
XDG_DATA_DIRS = /usr/local/share:/usr/share:/var/lib/snapd/desktop
# environment
VSCODE_AMD_ENTRYPOINT = vs/workbench/api/node/extensionHostProcess
# environment
VSCODE_CWD = /mnt/c/Users/xjshen/AppData/Local/Programs/Microsoft VS Code
# environment
GOPROXY = https://mirrors.aliyun.com/goproxy,https://goproxy.cn,direct
# environment
BASH_IT_THEME = bobby
# default
MAKE_HOST := x86_64-pc-linux-gnu
# environment
PATH = /home/going/go/go1.18.3/bin:/home/going/.vscode-server/bin/da76f93349a72022ca4670c1b84860304616aaa2/bin/remote-cli:/home/going/workspace/golang/bin:/home/going/bin:/home/going/.pyenv/shims:/home/going/.pyenv/bin:/usr/local/sbin:/usr/local/bin:/usr/sbin:/usr/bin:/sbin:/bin:/usr/games:/usr/local/games:/usr/lib/wsl/lib:/mnt/c/Program Files (x86)/Common Files/Oracle/Java/javapath:/mnt/c/Program Files (x86)/VMware/VMware Player/bin/:/mnt/c/WINDOWS/system32:/mnt/c/WINDOWS:/mnt/c/WINDOWS/System32/Wbem:/mnt/c/WINDOWS/System32/WindowsPowerShell/v1.0/:/mnt/c/WINDOWS/System32/OpenSSH/:/mnt/c/Program Files/Git/cmd:/mnt/c/Program Files/PuTTY/:/mnt/d/softwares/nodejs/:/mnt/d/Program Files/Amazon/AWSCLIV2/:/mnt/c/Program Files/Amazon/AWSCLI/bin/:/mnt/c/Program Files/Docker/Docker/resources/bin:/mnt/c/ProgramData/DockerDesktop/version-bin:/mnt/d/Program Files/Kubernetes/Minikube:/mnt/c/Program Files/Go/bin:/mnt/d/Program Files (x86)/NetSarang/Xshell 7/:/mnt/d/Program/Python/Python36/:/mnt/c/Users/xjshen/AppData/Local/Microsoft/WindowsApps:/mnt/c/Program Files/JetBrains/PyCharm 2020.2.3/bin:/mnt/c/Python27:/mnt/d/work/src/python/venv/python3-default/Scripts:/mnt/d/softwares/mysql-shell-8.0.22-windows-x86-64bit/bin:/mnt/c/Python27/Scripts:/mnt/c/Program Files/JetBrains/GoLand 2020.2.3/bin:/mnt/c/Program Files/Java/jdk-15.0.1/bin/java.exe:/mnt/d/softwares:/mnt/c/Users/xjshen/AppData/Local/Programs/Microsoft VS Code/bin:/mnt/c/Users/xjshen/AppData/Roaming/npm:/mnt/d/Program Files/Go/bin:/mnt/d/Program Files/Go":/mnt/c/Users/xjshen/go/bin:/snap/bin
# environment
IRC_CLIENT = irssi
# environment
TODO = t
# environment
GOPATH = /home/going/workspace/golang
# environment
ELECTRON_RUN_AS_NODE = 1
# environment
PYENV_ROOT = /home/going/.pyenv
# environment
VSCODE_SERVER_TAR = /mnt/c/Users/xjshen/AppData/Local/Temp/vscode-remote-wsl/da76f93349a72022ca4670c1b84860304616aaa2/vscode-server-stable-linux-x64.tar.gz
# default
.FEATURES := target-specific order-only second-expansion else-if shortest-stem undefine oneshell archives jobserver output-sync check-symlink load
# automatic
%F = $(notdir $%)
# environment
GOBIN = /home/going/go/go1.18.3/bin
# environment
GO_INSTALL_DIR = /home/going/go
# environment
PWD = /mnt/d/work/src/go/GolangComplete
# environment
DOCKERHUB_USERNAME = jxs1211
# environment
VSCODE_IPC_HOOK_CLI = /tmp/vscode-ipc-d4cfe2ad-b55e-4781-ab96-f3864bd2b833.sock
# environment
WSL_INTEROP = /run/WSL/13882_interop
# environment
GOMODCACHE = /home/going/workspace/golang/pkg/mod
# environment
PYENV_SHELL = bash
# environment
HOME = /home/going
# environment
LOGNAME = going
# environment
APPLICATION_INSIGHTS_NO_DIAGNOSTIC_CHANNEL = true
# environment
VSCODE_HANDLES_UNCAUGHT_ERRORS = true
# automatic
^D = $(patsubst %/,%,$(dir $^))
# environment
MAKELEVEL := 0
# default
MAKE = $(MAKE_COMMAND)
# default
MAKECMDGOALS := all
# environment
SHLVL = 2
# default
MAKE_VERSION := 4.1
# environment
USER = going
# makefile
.DEFAULT_GOAL := 
# environment
GOROOT = /home/going/go/go1.18.3
# environment
NAME = CTU-WKS-AA578
# automatic
%D = $(patsubst %/,%,$(dir $%))
# environment
VSCODE_WSL_EXT_LOCATION = /mnt/c/Users/xjshen/.vscode/extensions/ms-vscode-remote.remote-wsl-0.66.3
# default
MAKE_COMMAND := make
# environment
OLDPWD = /mnt/c/Users/xjshen/AppData/Local/Programs/Microsoft VS Code
# default
.VARIABLES := 
# automatic
*F = $(notdir $*)
# makefile
MAKEFLAGS = pqrR
# environment
MFLAGS = -pqrR
# automatic
*D = $(patsubst %/,%,$(dir $*))
# automatic
+D = $(patsubst %/,%,$(dir $+))
# environment
GOSUMDB = off
# automatic
+F = $(notdir $+)
# environment
VSCODE_HANDLES_SIGPIPE = true
# environment
GITHUB_USER = jxs1211
# environment
WORKSPACE = /home/going/workspace
# default
MAKEFILES := 
# automatic
<F = $(notdir $<)
# environment
https_proxy = http://ctu-net-mwg.ubisoft.org:3128
# environment
GOPRIVATE = github.com
# environment
PS1 = [\u@dev \W]\$ 
# environment
LC_ALL = C
# environment
HOSTTYPE = x86_64
# automatic
^F = $(notdir $^)
# default
SUFFIXES := 
# default
.INCLUDE_DIRS = /usr/include /usr/local/include /usr/include
# default
.RECIPEPREFIX := 
# environment
http_proxy = http://ctu-net-mwg.ubisoft.org:3128
# environment
LANG = C
# environment
TERM = xterm-256color
# environment
WSL_DISTRO_NAME = Ubuntu-18.04
# variable set hash-table stats:
# Load=85/1024=8%, Rehash=0, Collisions=5/107=5%

# Pattern-specific Variable Values

# No pattern-specific variable values.

# Directories

# . (device 47, inode 2814749767308733): 24 files, no impossibilities.

# 24 files, no impossibilities in 1 directories.

# Implicit Rules

# No implicit rules.

# Files

# Not a target:
all:
#  Command line target.
#  Implicit rule search has been done.
#  File does not exist.
#  File has not been updated.

# Not a target:
Makefile:
#  Implicit rule search has been done.
#  File does not exist.
#  File has been updated.
#  Failed to be updated.

# Not a target:
makefile:
#  Implicit rule search has been done.
#  File does not exist.
#  File has been updated.
#  Failed to be updated.

# Not a target:
.DEFAULT:
#  Implicit rule search has not been done.
#  Modification time never checked.
#  File has not been updated.

# Not a target:
GNUmakefile:
#  Implicit rule search has been done.
#  File does not exist.
#  File has been updated.
#  Failed to be updated.

# files hash-table stats:
# Load=6/1024=1%, Rehash=0, Collisions=0/15=0%
# VPATH Search Paths

# No 'vpath' search paths.

# No general ('VPATH' variable) search path.

# strcache buffers: 1 (0) / strings = 32 / storage = 449 B / avg = 14 B
# current buf: size = 8162 B / used = 449 B / count = 32 / avg = 14 B

# strcache performance: lookups = 35 / hit rate = 8%
# hash-table stats:
# Load=32/8192=0%, Rehash=0, Collisions=1/35=3%
# Finished Make data base on Fri Aug 12 21:18:00 2022

 
